# JRE version: OpenJDK Runtime Environment Temurin-21.0.7+6 (21.0.7+6) (build 21.0.7+6-LTS)
# Java VM: OpenJDK 64-Bit Server VM Temurin-21.0.7+6 (21.0.7+6-LTS, mixed mode, sharing, tiered, compressed oops, compressed class ptrs, parallel gc, windows-amd64)
GC Precious Log:
 CardTable entry size: 512
 CPUs: 6 total, 6 available
 Memory: 7030M
 Large Page Support: Disabled
 NUMA Support: Disabled
 Compressed Oops: Enabled (32-bit)
 Alignments: Space 512K, Generation 512K, Heap 2M
 Heap Min Capacity: 100M
 Heap Initial Capacity: 100M
 Heap Max Capacity: 2G
 Pre-touch: Disabled
 Parallel Workers: 6
Heap:
 PSYoungGen      total 14336K, used 6604K [0x00000000d5580000, 0x00000000d6a00000, 0x0000000100000000)
  eden space 13312K, 46% used [0x00000000d5580000,0x00000000d5b831f0,0x00000000d6280000)
  from space 1024K, 43% used [0x00000000d6800000,0x00000000d6870000,0x00000000d6900000)
  to   space 1024K, 0% used [0x00000000d6900000,0x00000000d6900000,0x00000000d6a00000)
 ParOldGen       total 68608K, used 37752K [0x0000000080000000, 0x0000000084300000, 0x00000000d5580000)
  object space 68608K, 55% used [0x0000000080000000,0x00000000824de090,0x0000000084300000)
 Metaspace       used 54637K, committed 55808K, reserved 1114112K
  class space    used 6116K, committed 6720K, reserved 1048576K
GC Heap History (20 events):
Event: 52.742 GC heap before
{Heap before GC invocations=18 (full 2):
 PSYoungGen      total 23552K, used 23296K [0x00000000d5580000, 0x00000000d7080000, 0x0000000100000000)
  eden space 22016K, 100% used [0x00000000d5580000,0x00000000d6b00000,0x00000000d6b00000)
  from space 1536K, 83% used [0x00000000d6b00000,0x00000000d6c40000,0x00000000d6c80000)
  to   space 2560K, 0% used [0x00000000d6e00000,0x00000000d6e00000,0x00000000d7080000)
 ParOldGen       total 68608K, used 21666K [0x0000000080000000, 0x0000000084300000, 0x00000000d5580000)
  object space 68608K, 31% used [0x0000000080000000,0x0000000081528aa0,0x0000000084300000)
 Metaspace       used 42974K, committed 44096K, reserved 1114112K
  class space    used 4527K, committed 5056K, reserved 1048576K
}
Event: 52.744 GC heap after
{Heap after GC invocations=18 (full 2):
 PSYoungGen      total 23552K, used 1280K [0x00000000d5580000, 0x00000000d6f80000, 0x0000000100000000)
  eden space 22016K, 0% used [0x00000000d5580000,0x00000000d5580000,0x00000000d6b00000)
  from space 1536K, 83% used [0x00000000d6e00000,0x00000000d6f40000,0x00000000d6f80000)
  to   space 1536K, 0% used [0x00000000d6b00000,0x00000000d6b00000,0x00000000d6c80000)
 ParOldGen       total 68608K, used 22802K [0x0000000080000000, 0x0000000084300000, 0x00000000d5580000)
  object space 68608K, 33% used [0x0000000080000000,0x0000000081644aa0,0x0000000084300000)
 Metaspace       used 42974K, committed 44096K, reserved 1114112K
  class space    used 4527K, committed 5056K, reserved 1048576K
}
Event: 53.658 GC heap before
{Heap before GC invocations=19 (full 2):
 PSYoungGen      total 23552K, used 23296K [0x00000000d5580000, 0x00000000d6f80000, 0x0000000100000000)
  eden space 22016K, 100% used [0x00000000d5580000,0x00000000d6b00000,0x00000000d6b00000)
  from space 1536K, 83% used [0x00000000d6e00000,0x00000000d6f40000,0x00000000d6f80000)
  to   space 1536K, 0% used [0x00000000d6b00000,0x00000000d6b00000,0x00000000d6c80000)
 ParOldGen       total 68608K, used 22802K [0x0000000080000000, 0x0000000084300000, 0x00000000d5580000)
  object space 68608K, 33% used [0x0000000080000000,0x0000000081644aa0,0x0000000084300000)
 Metaspace       used 45613K, committed 46720K, reserved 1114112K
  class space    used 4906K, committed 5440K, reserved 1048576K
}
Event: 53.660 GC heap after
{Heap after GC invocations=19 (full 2):
 PSYoungGen      total 23552K, used 1436K [0x00000000d5580000, 0x00000000d6e80000, 0x0000000100000000)
  eden space 22016K, 0% used [0x00000000d5580000,0x00000000d5580000,0x00000000d6b00000)
  from space 1536K, 93% used [0x00000000d6b00000,0x00000000d6c67368,0x00000000d6c80000)
  to   space 1536K, 0% used [0x00000000d6d00000,0x00000000d6d00000,0x00000000d6e80000)
 ParOldGen       total 68608K, used 23925K [0x0000000080000000, 0x0000000084300000, 0x00000000d5580000)
  object space 68608K, 34% used [0x0000000080000000,0x000000008175d7d0,0x0000000084300000)
 Metaspace       used 45613K, committed 46720K, reserved 1114112K
  class space    used 4906K, committed 5440K, reserved 1048576K
}
Event: 54.699 GC heap before
{Heap before GC invocations=20 (full 2):
 PSYoungGen      total 23552K, used 23452K [0x00000000d5580000, 0x00000000d6e80000, 0x0000000100000000)
  eden space 22016K, 100% used [0x00000000d5580000,0x00000000d6b00000,0x00000000d6b00000)
  from space 1536K, 93% used [0x00000000d6b00000,0x00000000d6c67368,0x00000000d6c80000)
  to   space 1536K, 0% used [0x00000000d6d00000,0x00000000d6d00000,0x00000000d6e80000)
 ParOldGen       total 68608K, used 23951K [0x0000000080000000, 0x0000000084300000, 0x00000000d5580000)
  object space 68608K, 34% used [0x0000000080000000,0x0000000081763e60,0x0000000084300000)
 Metaspace       used 48521K, committed 49728K, reserved 1114112K
  class space    used 5286K, committed 5824K, reserved 1048576K
}
Event: 54.702 GC heap after
{Heap after GC invocations=20 (full 2):
 PSYoungGen      total 23040K, used 889K [0x00000000d5580000, 0x00000000d6e00000, 0x0000000100000000)
  eden space 22016K, 0% used [0x00000000d5580000,0x00000000d5580000,0x00000000d6b00000)
  from space 1024K, 86% used [0x00000000d6d00000,0x00000000d6dde618,0x00000000d6e00000)
  to   space 1536K, 0% used [0x00000000d6b00000,0x00000000d6b00000,0x00000000d6c80000)
 ParOldGen       total 68608K, used 25092K [0x0000000080000000, 0x0000000084300000, 0x00000000d5580000)
  object space 68608K, 36% used [0x0000000080000000,0x0000000081881058,0x0000000084300000)
 Metaspace       used 48521K, committed 49728K, reserved 1114112K
  class space    used 5286K, committed 5824K, reserved 1048576K
}
Event: 55.394 GC heap before
{Heap before GC invocations=21 (full 2):
 PSYoungGen      total 23040K, used 22905K [0x00000000d5580000, 0x00000000d6e00000, 0x0000000100000000)
  eden space 22016K, 100% used [0x00000000d5580000,0x00000000d6b00000,0x00000000d6b00000)
  from space 1024K, 86% used [0x00000000d6d00000,0x00000000d6dde618,0x00000000d6e00000)
  to   space 1536K, 0% used [0x00000000d6b00000,0x00000000d6b00000,0x00000000d6c80000)
 ParOldGen       total 68608K, used 25092K [0x0000000080000000, 0x0000000084300000, 0x00000000d5580000)
  object space 68608K, 36% used [0x0000000080000000,0x0000000081881058,0x0000000084300000)
 Metaspace       used 50303K, committed 51328K, reserved 1114112K
  class space    used 5508K, committed 5952K, reserved 1048576K
}
Event: 55.396 GC heap after
{Heap after GC invocations=21 (full 2):
 PSYoungGen      total 23552K, used 1518K [0x00000000d5580000, 0x00000000d7000000, 0x0000000100000000)
  eden space 22016K, 0% used [0x00000000d5580000,0x00000000d5580000,0x00000000d6b00000)
  from space 1536K, 98% used [0x00000000d6b00000,0x00000000d6c7b978,0x00000000d6c80000)
  to   space 2560K, 0% used [0x00000000d6d80000,0x00000000d6d80000,0x00000000d7000000)
 ParOldGen       total 68608K, used 25878K [0x0000000080000000, 0x0000000084300000, 0x00000000d5580000)
  object space 68608K, 37% used [0x0000000080000000,0x0000000081945a00,0x0000000084300000)
 Metaspace       used 50303K, committed 51328K, reserved 1114112K
  class space    used 5508K, committed 5952K, reserved 1048576K
}
Event: 56.557 GC heap before
{Heap before GC invocations=22 (full 2):
 PSYoungGen      total 23552K, used 23412K [0x00000000d5580000, 0x00000000d7000000, 0x0000000100000000)
  eden space 22016K, 99% used [0x00000000d5580000,0x00000000d6ae1848,0x00000000d6b00000)
  from space 1536K, 98% used [0x00000000d6b00000,0x00000000d6c7b978,0x00000000d6c80000)
  to   space 2560K, 0% used [0x00000000d6d80000,0x00000000d6d80000,0x00000000d7000000)
 ParOldGen       total 68608K, used 25878K [0x0000000080000000, 0x0000000084300000, 0x00000000d5580000)
  object space 68608K, 37% used [0x0000000080000000,0x0000000081945a00,0x0000000084300000)
 Metaspace       used 52088K, committed 53120K, reserved 1114112K
  class space    used 5707K, committed 6208K, reserved 1048576K
}
Event: 56.560 GC heap after
{Heap after GC invocations=22 (full 2):
 PSYoungGen      total 24064K, used 1806K [0x00000000d5580000, 0x00000000d6f80000, 0x0000000100000000)
  eden space 22016K, 0% used [0x00000000d5580000,0x00000000d5580000,0x00000000d6b00000)
  from space 2048K, 88% used [0x00000000d6d80000,0x00000000d6f43870,0x00000000d6f80000)
  to   space 2048K, 0% used [0x00000000d6b80000,0x00000000d6b80000,0x00000000d6d80000)
 ParOldGen       total 68608K, used 26318K [0x0000000080000000, 0x0000000084300000, 0x00000000d5580000)
  object space 68608K, 38% used [0x0000000080000000,0x00000000819b3a30,0x0000000084300000)
 Metaspace       used 52088K, committed 53120K, reserved 1114112K
  class space    used 5707K, committed 6208K, reserved 1048576K
}
Event: 63.924 GC heap before
{Heap before GC invocations=23 (full 2):
 PSYoungGen      total 24064K, used 23822K [0x00000000d5580000, 0x00000000d6f80000, 0x0000000100000000)
  eden space 22016K, 100% used [0x00000000d5580000,0x00000000d6b00000,0x00000000d6b00000)
  from space 2048K, 88% used [0x00000000d6d80000,0x00000000d6f43870,0x00000000d6f80000)
  to   space 2048K, 0% used [0x00000000d6b80000,0x00000000d6b80000,0x00000000d6d80000)
 ParOldGen       total 68608K, used 26318K [0x0000000080000000, 0x0000000084300000, 0x00000000d5580000)
  object space 68608K, 38% used [0x0000000080000000,0x00000000819b3a30,0x0000000084300000)
 Metaspace       used 52428K, committed 53568K, reserved 1114112K
  class space    used 5747K, committed 6336K, reserved 1048576K
}
Event: 63.926 GC heap after
{Heap after GC invocations=23 (full 2):
 PSYoungGen      total 23552K, used 1435K [0x00000000d5580000, 0x00000000d6f00000, 0x0000000100000000)
  eden space 22016K, 0% used [0x00000000d5580000,0x00000000d5580000,0x00000000d6b00000)
  from space 1536K, 93% used [0x00000000d6b80000,0x00000000d6ce6f28,0x00000000d6d00000)
  to   space 2048K, 0% used [0x00000000d6d00000,0x00000000d6d00000,0x00000000d6f00000)
 ParOldGen       total 68608K, used 27697K [0x0000000080000000, 0x0000000084300000, 0x00000000d5580000)
  object space 68608K, 40% used [0x0000000080000000,0x0000000081b0c6d8,0x0000000084300000)
 Metaspace       used 52428K, committed 53568K, reserved 1114112K
  class space    used 5747K, committed 6336K, reserved 1048576K
}
Event: 89.000 GC heap before
{Heap before GC invocations=24 (full 2):
 PSYoungGen      total 23552K, used 23451K [0x00000000d5580000, 0x00000000d6f00000, 0x0000000100000000)
  eden space 22016K, 100% used [0x00000000d5580000,0x00000000d6b00000,0x00000000d6b00000)
  from space 1536K, 93% used [0x00000000d6b80000,0x00000000d6ce6f28,0x00000000d6d00000)
  to   space 2048K, 0% used [0x00000000d6d00000,0x00000000d6d00000,0x00000000d6f00000)
 ParOldGen       total 68608K, used 27697K [0x0000000080000000, 0x0000000084300000, 0x00000000d5580000)
  object space 68608K, 40% used [0x0000000080000000,0x0000000081b0c6d8,0x0000000084300000)
 Metaspace       used 53402K, committed 54592K, reserved 1114112K
  class space    used 5918K, committed 6528K, reserved 1048576K
}
Event: 89.006 GC heap after
{Heap after GC invocations=24 (full 2):
 PSYoungGen      total 15360K, used 2036K [0x00000000d5580000, 0x00000000d8000000, 0x0000000100000000)
  eden space 13312K, 0% used [0x00000000d5580000,0x00000000d5580000,0x00000000d6280000)
  from space 2048K, 99% used [0x00000000d6d00000,0x00000000d6efd120,0x00000000d6f00000)
  to   space 10752K, 0% used [0x00000000d6280000,0x00000000d6280000,0x00000000d6d00000)
 ParOldGen       total 68608K, used 34850K [0x0000000080000000, 0x0000000084300000, 0x00000000d5580000)
  object space 68608K, 50% used [0x0000000080000000,0x0000000082208858,0x0000000084300000)
 Metaspace       used 53402K, committed 54592K, reserved 1114112K
  class space    used 5918K, committed 6528K, reserved 1048576K
}
Event: 89.292 GC heap before
{Heap before GC invocations=25 (full 2):
 PSYoungGen      total 15360K, used 15348K [0x00000000d5580000, 0x00000000d8000000, 0x0000000100000000)
  eden space 13312K, 100% used [0x00000000d5580000,0x00000000d6280000,0x00000000d6280000)
  from space 2048K, 99% used [0x00000000d6d00000,0x00000000d6efd120,0x00000000d6f00000)
  to   space 10752K, 0% used [0x00000000d6280000,0x00000000d6280000,0x00000000d6d00000)
 ParOldGen       total 68608K, used 34850K [0x0000000080000000, 0x0000000084300000, 0x00000000d5580000)
  object space 68608K, 50% used [0x0000000080000000,0x0000000082208858,0x0000000084300000)
 Metaspace       used 54202K, committed 55424K, reserved 1114112K
  class space    used 6065K, committed 6656K, reserved 1048576K
}
Event: 89.294 GC heap after
{Heap after GC invocations=25 (full 2):
 PSYoungGen      total 14336K, used 640K [0x00000000d5580000, 0x00000000d6d80000, 0x0000000100000000)
  eden space 13312K, 0% used [0x00000000d5580000,0x00000000d5580000,0x00000000d6280000)
  from space 1024K, 62% used [0x00000000d6280000,0x00000000d6320000,0x00000000d6380000)
  to   space 4096K, 0% used [0x00000000d6980000,0x00000000d6980000,0x00000000d6d80000)
 ParOldGen       total 68608K, used 36867K [0x0000000080000000, 0x0000000084300000, 0x00000000d5580000)
  object space 68608K, 53% used [0x0000000080000000,0x0000000082400cd0,0x0000000084300000)
 Metaspace       used 54202K, committed 55424K, reserved 1114112K
  class space    used 6065K, committed 6656K, reserved 1048576K
}
Event: 89.438 GC heap before
{Heap before GC invocations=26 (full 2):
 PSYoungGen      total 14336K, used 13952K [0x00000000d5580000, 0x00000000d6d80000, 0x0000000100000000)
  eden space 13312K, 100% used [0x00000000d5580000,0x00000000d6280000,0x00000000d6280000)
  from space 1024K, 62% used [0x00000000d6280000,0x00000000d6320000,0x00000000d6380000)
  to   space 4096K, 0% used [0x00000000d6980000,0x00000000d6980000,0x00000000d6d80000)
 ParOldGen       total 68608K, used 36867K [0x0000000080000000, 0x0000000084300000, 0x00000000d5580000)
  object space 68608K, 53% used [0x0000000080000000,0x0000000082400cd0,0x0000000084300000)
 Metaspace       used 54613K, committed 55808K, reserved 1114112K
  class space    used 6116K, committed 6720K, reserved 1048576K
}
Event: 89.440 GC heap after
{Heap after GC invocations=26 (full 2):
 PSYoungGen      total 13824K, used 416K [0x00000000d5580000, 0x00000000d6a00000, 0x0000000100000000)
  eden space 13312K, 0% used [0x00000000d5580000,0x00000000d5580000,0x00000000d6280000)
  from space 512K, 81% used [0x00000000d6980000,0x00000000d69e8000,0x00000000d6a00000)
  to   space 1024K, 0% used [0x00000000d6800000,0x00000000d6800000,0x00000000d6900000)
 ParOldGen       total 68608K, used 37439K [0x0000000080000000, 0x0000000084300000, 0x00000000d5580000)
  object space 68608K, 54% used [0x0000000080000000,0x000000008248fcf0,0x0000000084300000)
 Metaspace       used 54613K, committed 55808K, reserved 1114112K
  class space    used 6116K, committed 6720K, reserved 1048576K
}
Event: 92.086 GC heap before
{Heap before GC invocations=27 (full 2):
 PSYoungGen      total 13824K, used 13728K [0x00000000d5580000, 0x00000000d6a00000, 0x0000000100000000)
  eden space 13312K, 100% used [0x00000000d5580000,0x00000000d6280000,0x00000000d6280000)
  from space 512K, 81% used [0x00000000d6980000,0x00000000d69e8000,0x00000000d6a00000)
  to   space 1024K, 0% used [0x00000000d6800000,0x00000000d6800000,0x00000000d6900000)
 ParOldGen       total 68608K, used 37439K [0x0000000080000000, 0x0000000084300000, 0x00000000d5580000)
  object space 68608K, 54% used [0x0000000080000000,0x000000008248fcf0,0x0000000084300000)
 Metaspace       used 54634K, committed 55808K, reserved 1114112K
  class space    used 6116K, committed 6720K, reserved 1048576K
}
Event: 92.087 GC heap after
{Heap after GC invocations=27 (full 2):
 PSYoungGen      total 14336K, used 448K [0x00000000d5580000, 0x00000000d6a00000, 0x0000000100000000)
  eden space 13312K, 0% used [0x00000000d5580000,0x00000000d5580000,0x00000000d6280000)
  from space 1024K, 43% used [0x00000000d6800000,0x00000000d6870000,0x00000000d6900000)
  to   space 1024K, 0% used [0x00000000d6900000,0x00000000d6900000,0x00000000d6a00000)
 ParOldGen       total 68608K, used 37752K [0x0000000080000000, 0x0000000084300000, 0x00000000d5580000)
  object space 68608K, 55% used [0x0000000080000000,0x00000000824de090,0x0000000084300000)
 Metaspace       used 54634K, committed 55808K, reserved 1114112K
  class space    used 6116K, committed 6720K, reserved 1048576K
}

